{"/Users/georgehalterman/HackReactor/BOC/cup-quest/src/App.jsx": {"path":"/Users/georgehalterman/HackReactor/BOC/cup-quest/src/App.jsx","statementMap":{"0":{"start":{"line":11,"column":30},"end":{"line":11,"column":null}},"1":{"start":{"line":12,"column":2},"end":{"line":42,"column":null}}},"fnMap":{"0":{"name":"App","decl":{"start":{"line":10,"column":9},"end":{"line":10,"column":15}},"loc":{"start":{"line":10,"column":15},"end":{"line":44,"column":null}}}},"branchMap":{},"s":{"0":0,"1":0},"f":{"0":0},"b":{}}
,"/Users/georgehalterman/HackReactor/BOC/cup-quest/src/menu.js": {"path":"/Users/georgehalterman/HackReactor/BOC/cup-quest/src/menu.js","statementMap":{"0":{"start":{"line":1,"column":20},"end":{"line":17,"column":1}}},"fnMap":{},"branchMap":{},"s":{"0":1},"f":{},"b":{}}
,"/Users/georgehalterman/HackReactor/BOC/cup-quest/src/lib/UserHistoryElement.jsx": {"path":"/Users/georgehalterman/HackReactor/BOC/cup-quest/src/lib/UserHistoryElement.jsx","statementMap":{"0":{"start":{"line":3,"column":27},"end":{"line":14,"column":null}},"1":{"start":{"line":4,"column":2},"end":{"line":12,"column":null}}},"fnMap":{"0":{"name":"(anonymous_0)","decl":{"start":{"line":3,"column":27},"end":{"line":3,"column":28}},"loc":{"start":{"line":3,"column":38},"end":{"line":14,"column":null}}}},"branchMap":{},"s":{"0":1,"1":0},"f":{"0":0},"b":{}}
,"/Users/georgehalterman/HackReactor/BOC/cup-quest/src/lib/UserHistoryList.jsx": {"path":"/Users/georgehalterman/HackReactor/BOC/cup-quest/src/lib/UserHistoryList.jsx","statementMap":{"0":{"start":{"line":7,"column":24},"end":{"line":23,"column":null}},"1":{"start":{"line":8,"column":40},"end":{"line":8,"column":null}},"2":{"start":{"line":10,"column":2},"end":{"line":13,"column":null}},"3":{"start":{"line":15,"column":2},"end":{"line":21,"column":null}},"4":{"start":{"line":19,"column":8},"end":{"line":19,"column":null}}},"fnMap":{"0":{"name":"(anonymous_0)","decl":{"start":{"line":7,"column":24},"end":{"line":7,"column":25}},"loc":{"start":{"line":7,"column":35},"end":{"line":23,"column":null}}},"1":{"name":"(anonymous_1)","decl":{"start":{"line":10,"column":12},"end":{"line":10,"column":18}},"loc":{"start":{"line":10,"column":18},"end":{"line":13,"column":3}}},"2":{"name":"(anonymous_2)","decl":{"start":{"line":18,"column":23},"end":{"line":18,"column":24}},"loc":{"start":{"line":18,"column":43},"end":{"line":20,"column":7}}}},"branchMap":{},"s":{"0":1,"1":0,"2":0,"3":0,"4":0},"f":{"0":0,"1":0,"2":0},"b":{}}
,"/Users/georgehalterman/HackReactor/BOC/cup-quest/src/lib/UserProfile.jsx": {"path":"/Users/georgehalterman/HackReactor/BOC/cup-quest/src/lib/UserProfile.jsx","statementMap":{"0":{"start":{"line":6,"column":20},"end":{"line":43,"column":null}},"1":{"start":{"line":7,"column":32},"end":{"line":7,"column":null}},"2":{"start":{"line":11,"column":2},"end":{"line":41,"column":null}}},"fnMap":{"0":{"name":"(anonymous_0)","decl":{"start":{"line":6,"column":20},"end":{"line":6,"column":21}},"loc":{"start":{"line":6,"column":31},"end":{"line":43,"column":null}}}},"branchMap":{},"s":{"0":1,"1":0,"2":0},"f":{"0":0},"b":{}}
,"/Users/georgehalterman/HackReactor/BOC/cup-quest/src/lib/getHandler.js": {"path":"/Users/georgehalterman/HackReactor/BOC/cup-quest/src/lib/getHandler.js","statementMap":{"0":{"start":{"line":3,"column":19},"end":{"line":16,"column":1}},"1":{"start":{"line":4,"column":16},"end":{"line":8,"column":3}},"2":{"start":{"line":10,"column":2},"end":{"line":15,"column":3}},"3":{"start":{"line":11,"column":21},"end":{"line":11,"column":49}},"4":{"start":{"line":12,"column":4},"end":{"line":12,"column":23}},"5":{"start":{"line":14,"column":4},"end":{"line":14,"column":42}}},"fnMap":{"0":{"name":"(anonymous_0)","decl":{"start":{"line":3,"column":19},"end":{"line":3,"column":20}},"loc":{"start":{"line":3,"column":52},"end":{"line":16,"column":1}}}},"branchMap":{},"s":{"0":1,"1":0,"2":0,"3":0,"4":0,"5":0},"f":{"0":0},"b":{}}
,"/Users/georgehalterman/HackReactor/BOC/cup-quest/src/lib/lightDarkToggle.js": {"path":"/Users/georgehalterman/HackReactor/BOC/cup-quest/src/lib/lightDarkToggle.js","statementMap":{"0":{"start":{"line":1,"column":24},"end":{"line":7,"column":1}},"1":{"start":{"line":2,"column":2},"end":{"line":6,"column":3}},"2":{"start":{"line":3,"column":4},"end":{"line":3,"column":48}},"3":{"start":{"line":5,"column":4},"end":{"line":5,"column":49}}},"fnMap":{"0":{"name":"(anonymous_0)","decl":{"start":{"line":1,"column":24},"end":{"line":1,"column":25}},"loc":{"start":{"line":1,"column":35},"end":{"line":7,"column":1}}}},"branchMap":{"0":{"loc":{"start":{"line":2,"column":2},"end":{"line":6,"column":3}},"type":"if","locations":[{"start":{"line":2,"column":2},"end":{"line":6,"column":3}},{"start":{"line":4,"column":9},"end":{"line":6,"column":3}}]}},"s":{"0":1,"1":1,"2":1,"3":0},"f":{"0":1},"b":{"0":[1,0]}}
,"/Users/georgehalterman/HackReactor/BOC/cup-quest/src/pages/FriendElement.jsx": {"path":"/Users/georgehalterman/HackReactor/BOC/cup-quest/src/pages/FriendElement.jsx","statementMap":{"0":{"start":{"line":3,"column":22},"end":{"line":14,"column":null}},"1":{"start":{"line":6,"column":2},"end":{"line":12,"column":null}}},"fnMap":{"0":{"name":"(anonymous_0)","decl":{"start":{"line":3,"column":22},"end":{"line":3,"column":23}},"loc":{"start":{"line":3,"column":38},"end":{"line":14,"column":null}}}},"branchMap":{},"s":{"0":1,"1":0},"f":{"0":0},"b":{}}
,"/Users/georgehalterman/HackReactor/BOC/cup-quest/src/pages/FriendsList.jsx": {"path":"/Users/georgehalterman/HackReactor/BOC/cup-quest/src/pages/FriendsList.jsx","statementMap":{"0":{"start":{"line":6,"column":20},"end":{"line":26,"column":null}},"1":{"start":{"line":7,"column":32},"end":{"line":7,"column":null}},"2":{"start":{"line":16,"column":2},"end":{"line":24,"column":null}},"3":{"start":{"line":20,"column":10},"end":{"line":21,"column":null}}},"fnMap":{"0":{"name":"(anonymous_0)","decl":{"start":{"line":6,"column":20},"end":{"line":6,"column":21}},"loc":{"start":{"line":6,"column":31},"end":{"line":26,"column":null}}},"1":{"name":"(anonymous_1)","decl":{"start":{"line":19,"column":20},"end":{"line":19,"column":21}},"loc":{"start":{"line":19,"column":32},"end":{"line":23,"column":9}}}},"branchMap":{},"s":{"0":1,"1":0,"2":0,"3":0},"f":{"0":0,"1":0},"b":{}}
,"/Users/georgehalterman/HackReactor/BOC/cup-quest/src/pages/Home.jsx": {"path":"/Users/georgehalterman/HackReactor/BOC/cup-quest/src/pages/Home.jsx","statementMap":{"0":{"start":{"line":10,"column":28},"end":{"line":12,"column":null}},"1":{"start":{"line":11,"column":4},"end":{"line":11,"column":null}},"2":{"start":{"line":14,"column":2},"end":{"line":27,"column":null}}},"fnMap":{"0":{"name":"Home","decl":{"start":{"line":8,"column":16},"end":{"line":8,"column":23}},"loc":{"start":{"line":8,"column":23},"end":{"line":29,"column":null}}},"1":{"name":"(anonymous_1)","decl":{"start":{"line":10,"column":28},"end":{"line":10,"column":29}},"loc":{"start":{"line":10,"column":35},"end":{"line":12,"column":null}}}},"branchMap":{},"s":{"0":0,"1":0,"2":0},"f":{"0":0,"1":0},"b":{}}
,"/Users/georgehalterman/HackReactor/BOC/cup-quest/src/pages/Map.jsx": {"path":"/Users/georgehalterman/HackReactor/BOC/cup-quest/src/pages/Map.jsx","statementMap":{"0":{"start":{"line":5,"column":12},"end":{"line":5,"column":null}},"1":{"start":{"line":9,"column":4},"end":{"line":9,"column":null}},"2":{"start":{"line":11,"column":2},"end":{"line":22,"column":null}}},"fnMap":{"0":{"name":"Map","decl":{"start":{"line":8,"column":16},"end":{"line":8,"column":22}},"loc":{"start":{"line":8,"column":22},"end":{"line":24,"column":null}}}},"branchMap":{},"s":{"0":1,"1":0,"2":0},"f":{"0":0},"b":{}}
,"/Users/georgehalterman/HackReactor/BOC/cup-quest/src/pages/NewUser.jsx": {"path":"/Users/georgehalterman/HackReactor/BOC/cup-quest/src/pages/NewUser.jsx","statementMap":{"0":{"start":{"line":9,"column":19},"end":{"line":9,"column":null}},"1":{"start":{"line":11,"column":34},"end":{"line":11,"column":null}},"2":{"start":{"line":12,"column":34},"end":{"line":12,"column":null}},"3":{"start":{"line":13,"column":52},"end":{"line":13,"column":null}},"4":{"start":{"line":14,"column":28},"end":{"line":14,"column":null}},"5":{"start":{"line":15,"column":28},"end":{"line":15,"column":null}},"6":{"start":{"line":16,"column":46},"end":{"line":16,"column":null}},"7":{"start":{"line":18,"column":23},"end":{"line":92,"column":null}},"8":{"start":{"line":19,"column":4},"end":{"line":25,"column":null}},"9":{"start":{"line":20,"column":6},"end":{"line":20,"column":null}},"10":{"start":{"line":21,"column":6},"end":{"line":21,"column":null}},"11":{"start":{"line":22,"column":6},"end":{"line":22,"column":null}},"12":{"start":{"line":23,"column":6},"end":{"line":23,"column":null}},"13":{"start":{"line":24,"column":6},"end":{"line":24,"column":null}},"14":{"start":{"line":26,"column":4},"end":{"line":26,"column":null}},"15":{"start":{"line":29,"column":4},"end":{"line":91,"column":null}},"16":{"start":{"line":35,"column":8},"end":{"line":84,"column":null}},"17":{"start":{"line":37,"column":12},"end":{"line":79,"column":null}},"18":{"start":{"line":38,"column":14},"end":{"line":60,"column":null}},"19":{"start":{"line":40,"column":18},"end":{"line":56,"column":null}},"20":{"start":{"line":47,"column":22},"end":{"line":49,"column":null}},"21":{"start":{"line":48,"column":24},"end":{"line":48,"column":null}},"22":{"start":{"line":52,"column":22},"end":{"line":52,"column":null}},"23":{"start":{"line":53,"column":22},"end":{"line":55,"column":null}},"24":{"start":{"line":54,"column":24},"end":{"line":54,"column":null}},"25":{"start":{"line":59,"column":18},"end":{"line":59,"column":null}},"26":{"start":{"line":63,"column":14},"end":{"line":78,"column":null}},"27":{"start":{"line":69,"column":18},"end":{"line":71,"column":null}},"28":{"start":{"line":70,"column":20},"end":{"line":70,"column":null}},"29":{"start":{"line":74,"column":18},"end":{"line":74,"column":null}},"30":{"start":{"line":75,"column":18},"end":{"line":77,"column":null}},"31":{"start":{"line":76,"column":20},"end":{"line":76,"column":null}},"32":{"start":{"line":82,"column":12},"end":{"line":82,"column":null}},"33":{"start":{"line":83,"column":12},"end":{"line":83,"column":null}},"34":{"start":{"line":87,"column":8},"end":{"line":87,"column":null}},"35":{"start":{"line":88,"column":8},"end":{"line":90,"column":null}},"36":{"start":{"line":89,"column":10},"end":{"line":89,"column":null}},"37":{"start":{"line":94,"column":22},"end":{"line":96,"column":null}},"38":{"start":{"line":95,"column":4},"end":{"line":95,"column":null}},"39":{"start":{"line":97,"column":22},"end":{"line":99,"column":null}},"40":{"start":{"line":98,"column":4},"end":{"line":98,"column":null}},"41":{"start":{"line":100,"column":31},"end":{"line":102,"column":null}},"42":{"start":{"line":101,"column":4},"end":{"line":101,"column":null}},"43":{"start":{"line":103,"column":19},"end":{"line":105,"column":null}},"44":{"start":{"line":104,"column":4},"end":{"line":104,"column":null}},"45":{"start":{"line":106,"column":19},"end":{"line":108,"column":null}},"46":{"start":{"line":107,"column":4},"end":{"line":107,"column":null}},"47":{"start":{"line":109,"column":37},"end":{"line":112,"column":null}},"48":{"start":{"line":110,"column":17},"end":{"line":110,"column":null}},"49":{"start":{"line":111,"column":4},"end":{"line":111,"column":null}},"50":{"start":{"line":114,"column":2},"end":{"line":180,"column":null}}},"fnMap":{"0":{"name":"NewUser","decl":{"start":{"line":8,"column":16},"end":{"line":8,"column":26}},"loc":{"start":{"line":8,"column":26},"end":{"line":183,"column":null}}},"1":{"name":"(anonymous_1)","decl":{"start":{"line":18,"column":23},"end":{"line":18,"column":30}},"loc":{"start":{"line":18,"column":36},"end":{"line":92,"column":null}}},"2":{"name":"(anonymous_2)","decl":{"start":{"line":33,"column":12},"end":{"line":33,"column":13}},"loc":{"start":{"line":33,"column":26},"end":{"line":85,"column":7}}},"3":{"name":"(anonymous_3)","decl":{"start":{"line":36,"column":16},"end":{"line":36,"column":17}},"loc":{"start":{"line":36,"column":26},"end":{"line":80,"column":11}}},"4":{"name":"(anonymous_4)","decl":{"start":{"line":39,"column":22},"end":{"line":39,"column":23}},"loc":{"start":{"line":39,"column":35},"end":{"line":57,"column":17}}},"5":{"name":"(anonymous_5)","decl":{"start":{"line":46,"column":26},"end":{"line":46,"column":27}},"loc":{"start":{"line":46,"column":40},"end":{"line":50,"column":21}}},"6":{"name":"(anonymous_6)","decl":{"start":{"line":51,"column":27},"end":{"line":51,"column":28}},"loc":{"start":{"line":51,"column":36},"end":{"line":56,"column":21}}},"7":{"name":"(anonymous_7)","decl":{"start":{"line":58,"column":23},"end":{"line":58,"column":24}},"loc":{"start":{"line":58,"column":32},"end":{"line":60,"column":17}}},"8":{"name":"(anonymous_8)","decl":{"start":{"line":68,"column":22},"end":{"line":68,"column":23}},"loc":{"start":{"line":68,"column":36},"end":{"line":72,"column":17}}},"9":{"name":"(anonymous_9)","decl":{"start":{"line":73,"column":23},"end":{"line":73,"column":24}},"loc":{"start":{"line":73,"column":32},"end":{"line":78,"column":17}}},"10":{"name":"(anonymous_10)","decl":{"start":{"line":81,"column":17},"end":{"line":81,"column":18}},"loc":{"start":{"line":81,"column":26},"end":{"line":84,"column":11}}},"11":{"name":"(anonymous_11)","decl":{"start":{"line":86,"column":13},"end":{"line":86,"column":14}},"loc":{"start":{"line":86,"column":22},"end":{"line":91,"column":7}}},"12":{"name":"(anonymous_12)","decl":{"start":{"line":94,"column":22},"end":{"line":94,"column":23}},"loc":{"start":{"line":94,"column":29},"end":{"line":96,"column":null}}},"13":{"name":"(anonymous_13)","decl":{"start":{"line":97,"column":22},"end":{"line":97,"column":23}},"loc":{"start":{"line":97,"column":29},"end":{"line":99,"column":null}}},"14":{"name":"(anonymous_14)","decl":{"start":{"line":100,"column":31},"end":{"line":100,"column":32}},"loc":{"start":{"line":100,"column":38},"end":{"line":102,"column":null}}},"15":{"name":"(anonymous_15)","decl":{"start":{"line":103,"column":19},"end":{"line":103,"column":20}},"loc":{"start":{"line":103,"column":26},"end":{"line":105,"column":null}}},"16":{"name":"(anonymous_16)","decl":{"start":{"line":106,"column":19},"end":{"line":106,"column":20}},"loc":{"start":{"line":106,"column":26},"end":{"line":108,"column":null}}},"17":{"name":"(anonymous_17)","decl":{"start":{"line":109,"column":37},"end":{"line":109,"column":38}},"loc":{"start":{"line":109,"column":44},"end":{"line":112,"column":null}}}},"branchMap":{"0":{"loc":{"start":{"line":19,"column":4},"end":{"line":25,"column":null}},"type":"if","locations":[{"start":{"line":19,"column":4},"end":{"line":25,"column":null}},{"start":{"line":19,"column":4},"end":{"line":25,"column":null}}]},"1":{"loc":{"start":{"line":37,"column":12},"end":{"line":79,"column":null}},"type":"if","locations":[{"start":{"line":37,"column":12},"end":{"line":79,"column":null}},{"start":{"line":61,"column":19},"end":{"line":79,"column":null}}]},"2":{"loc":{"start":{"line":47,"column":22},"end":{"line":49,"column":null}},"type":"if","locations":[{"start":{"line":47,"column":22},"end":{"line":49,"column":null}},{"start":{"line":47,"column":22},"end":{"line":49,"column":null}}]},"3":{"loc":{"start":{"line":52,"column":36},"end":{"line":52,"column":74}},"type":"cond-expr","locations":[{"start":{"line":52,"column":51},"end":{"line":52,"column":71}},{"start":{"line":52,"column":71},"end":{"line":52,"column":74}}]},"4":{"loc":{"start":{"line":53,"column":22},"end":{"line":55,"column":null}},"type":"if","locations":[{"start":{"line":53,"column":22},"end":{"line":55,"column":null}},{"start":{"line":53,"column":22},"end":{"line":55,"column":null}}]},"5":{"loc":{"start":{"line":69,"column":18},"end":{"line":71,"column":null}},"type":"if","locations":[{"start":{"line":69,"column":18},"end":{"line":71,"column":null}},{"start":{"line":69,"column":18},"end":{"line":71,"column":null}}]},"6":{"loc":{"start":{"line":75,"column":18},"end":{"line":77,"column":null}},"type":"if","locations":[{"start":{"line":75,"column":18},"end":{"line":77,"column":null}},{"start":{"line":75,"column":18},"end":{"line":77,"column":null}}]},"7":{"loc":{"start":{"line":88,"column":8},"end":{"line":90,"column":null}},"type":"if","locations":[{"start":{"line":88,"column":8},"end":{"line":90,"column":null}},{"start":{"line":88,"column":8},"end":{"line":90,"column":null}}]}},"s":{"0":2,"1":1,"2":1,"3":1,"4":1,"5":1,"6":1,"7":1,"8":0,"9":0,"10":0,"11":0,"12":0,"13":0,"14":0,"15":0,"16":0,"17":0,"18":0,"19":0,"20":0,"21":0,"22":0,"23":0,"24":0,"25":0,"26":0,"27":0,"28":0,"29":0,"30":0,"31":0,"32":0,"33":0,"34":0,"35":0,"36":0,"37":1,"38":0,"39":1,"40":0,"41":1,"42":0,"43":1,"44":0,"45":1,"46":0,"47":1,"48":0,"49":0,"50":1},"f":{"0":2,"1":0,"2":0,"3":0,"4":0,"5":0,"6":0,"7":0,"8":0,"9":0,"10":0,"11":0,"12":0,"13":0,"14":0,"15":0,"16":0,"17":0},"b":{"0":[0,0],"1":[0,0],"2":[0,0],"3":[0,0],"4":[0,0],"5":[0,0],"6":[0,0],"7":[0,0]}}
,"/Users/georgehalterman/HackReactor/BOC/cup-quest/src/pages/ShopOverview.jsx": {"path":"/Users/georgehalterman/HackReactor/BOC/cup-quest/src/pages/ShopOverview.jsx","statementMap":{"0":{"start":{"line":7,"column":28},"end":{"line":18,"column":null}},"1":{"start":{"line":8,"column":26},"end":{"line":8,"column":null}},"2":{"start":{"line":9,"column":2},"end":{"line":16,"column":null}}},"fnMap":{"0":{"name":"(anonymous_0)","decl":{"start":{"line":7,"column":28},"end":{"line":7,"column":29}},"loc":{"start":{"line":7,"column":39},"end":{"line":18,"column":null}}}},"branchMap":{},"s":{"0":1,"1":0,"2":0},"f":{"0":0},"b":{}}
,"/Users/georgehalterman/HackReactor/BOC/cup-quest/src/pages/SplashPage.jsx": {"path":"/Users/georgehalterman/HackReactor/BOC/cup-quest/src/pages/SplashPage.jsx","statementMap":{"0":{"start":{"line":10,"column":19},"end":{"line":10,"column":null}},"1":{"start":{"line":12,"column":30},"end":{"line":12,"column":null}},"2":{"start":{"line":13,"column":28},"end":{"line":13,"column":null}},"3":{"start":{"line":14,"column":34},"end":{"line":14,"column":null}},"4":{"start":{"line":15,"column":28},"end":{"line":15,"column":null}},"5":{"start":{"line":17,"column":21},"end":{"line":19,"column":null}},"6":{"start":{"line":18,"column":4},"end":{"line":18,"column":null}},"7":{"start":{"line":20,"column":24},"end":{"line":22,"column":null}},"8":{"start":{"line":21,"column":4},"end":{"line":21,"column":null}},"9":{"start":{"line":24,"column":32},"end":{"line":34,"column":null}},"10":{"start":{"line":25,"column":4},"end":{"line":25,"column":null}},"11":{"start":{"line":26,"column":4},"end":{"line":33,"column":null}},"12":{"start":{"line":28,"column":8},"end":{"line":28,"column":null}},"13":{"start":{"line":31,"column":8},"end":{"line":31,"column":null}},"14":{"start":{"line":32,"column":8},"end":{"line":32,"column":null}},"15":{"start":{"line":36,"column":29},"end":{"line":39,"column":null}},"16":{"start":{"line":37,"column":4},"end":{"line":37,"column":null}},"17":{"start":{"line":38,"column":4},"end":{"line":38,"column":null}},"18":{"start":{"line":41,"column":2},"end":{"line":43,"column":null}},"19":{"start":{"line":42,"column":4},"end":{"line":42,"column":null}},"20":{"start":{"line":45,"column":2},"end":{"line":100,"column":null}},"21":{"start":{"line":48,"column":98},"end":{"line":48,"column":114}}},"fnMap":{"0":{"name":"SplashPage","decl":{"start":{"line":9,"column":16},"end":{"line":9,"column":29}},"loc":{"start":{"line":9,"column":29},"end":{"line":102,"column":null}}},"1":{"name":"(anonymous_1)","decl":{"start":{"line":17,"column":21},"end":{"line":17,"column":22}},"loc":{"start":{"line":17,"column":28},"end":{"line":19,"column":null}}},"2":{"name":"(anonymous_2)","decl":{"start":{"line":20,"column":24},"end":{"line":20,"column":25}},"loc":{"start":{"line":20,"column":31},"end":{"line":22,"column":null}}},"3":{"name":"(anonymous_3)","decl":{"start":{"line":24,"column":32},"end":{"line":24,"column":33}},"loc":{"start":{"line":24,"column":39},"end":{"line":34,"column":null}}},"4":{"name":"(anonymous_4)","decl":{"start":{"line":27,"column":12},"end":{"line":27,"column":13}},"loc":{"start":{"line":27,"column":22},"end":{"line":29,"column":7}}},"5":{"name":"(anonymous_5)","decl":{"start":{"line":30,"column":13},"end":{"line":30,"column":14}},"loc":{"start":{"line":30,"column":22},"end":{"line":33,"column":7}}},"6":{"name":"(anonymous_6)","decl":{"start":{"line":36,"column":29},"end":{"line":36,"column":30}},"loc":{"start":{"line":36,"column":36},"end":{"line":39,"column":null}}},"7":{"name":"(anonymous_7)","decl":{"start":{"line":41,"column":12},"end":{"line":41,"column":18}},"loc":{"start":{"line":41,"column":18},"end":{"line":43,"column":5}}},"8":{"name":"(anonymous_8)","decl":{"start":{"line":48,"column":91},"end":{"line":48,"column":97}},"loc":{"start":{"line":48,"column":97},"end":{"line":48,"column":117}}}},"branchMap":{},"s":{"0":1,"1":1,"2":1,"3":1,"4":1,"5":1,"6":0,"7":1,"8":0,"9":1,"10":0,"11":0,"12":0,"13":0,"14":0,"15":1,"16":0,"17":0,"18":1,"19":1,"20":1,"21":0},"f":{"0":1,"1":0,"2":0,"3":0,"4":0,"5":0,"6":0,"7":1,"8":0},"b":{}}
,"/Users/georgehalterman/HackReactor/BOC/cup-quest/src/pages/firebase/firebaseAuth.jsx": {"path":"/Users/georgehalterman/HackReactor/BOC/cup-quest/src/pages/firebase/firebaseAuth.jsx","statementMap":{"0":{"start":{"line":10,"column":23},"end":{"line":18,"column":null}},"1":{"start":{"line":20,"column":12},"end":{"line":20,"column":null}},"2":{"start":{"line":21,"column":13},"end":{"line":21,"column":null}},"3":{"start":{"line":24,"column":2},"end":{"line":24,"column":null}},"4":{"start":{"line":25,"column":2},"end":{"line":25,"column":null}},"5":{"start":{"line":29,"column":2},"end":{"line":29,"column":null}},"6":{"start":{"line":30,"column":2},"end":{"line":30,"column":null}},"7":{"start":{"line":34,"column":2},"end":{"line":34,"column":null}},"8":{"start":{"line":35,"column":2},"end":{"line":35,"column":null}}},"fnMap":{"0":{"name":"logout","decl":{"start":{"line":23,"column":22},"end":{"line":23,"column":31}},"loc":{"start":{"line":23,"column":31},"end":{"line":26,"column":null}}},"1":{"name":"signIn","decl":{"start":{"line":28,"column":22},"end":{"line":28,"column":29}},"loc":{"start":{"line":28,"column":46},"end":{"line":31,"column":null}}},"2":{"name":"createUser","decl":{"start":{"line":33,"column":22},"end":{"line":33,"column":33}},"loc":{"start":{"line":33,"column":50},"end":{"line":36,"column":null}}}},"branchMap":{},"s":{"0":1,"1":1,"2":1,"3":0,"4":0,"5":0,"6":0,"7":0,"8":0},"f":{"0":0,"1":0,"2":0},"b":{}}
,"/Users/georgehalterman/HackReactor/BOC/cup-quest/src/pages/firebase/firebaseStorage.jsx": {"path":"/Users/georgehalterman/HackReactor/BOC/cup-quest/src/pages/firebase/firebaseStorage.jsx","statementMap":{"0":{"start":{"line":10,"column":23},"end":{"line":18,"column":null}},"1":{"start":{"line":20,"column":12},"end":{"line":20,"column":null}},"2":{"start":{"line":21,"column":16},"end":{"line":21,"column":null}},"3":{"start":{"line":24,"column":2},"end":{"line":34,"column":null}},"4":{"start":{"line":25,"column":23},"end":{"line":25,"column":null}},"5":{"start":{"line":26,"column":21},"end":{"line":26,"column":null}},"6":{"start":{"line":27,"column":24},"end":{"line":27,"column":null}},"7":{"start":{"line":29,"column":4},"end":{"line":29,"column":null}},"8":{"start":{"line":30,"column":4},"end":{"line":30,"column":null}},"9":{"start":{"line":32,"column":4},"end":{"line":32,"column":null}},"10":{"start":{"line":33,"column":4},"end":{"line":33,"column":null}}},"fnMap":{"0":{"name":"saveProfilePicture","decl":{"start":{"line":23,"column":22},"end":{"line":23,"column":41}},"loc":{"start":{"line":23,"column":64},"end":{"line":35,"column":null}}}},"branchMap":{},"s":{"0":1,"1":1,"2":1,"3":0,"4":0,"5":0,"6":0,"7":0,"8":0,"9":0,"10":0},"f":{"0":0},"b":{}}
,"/Users/georgehalterman/HackReactor/BOC/cup-quest/src/pages/reviews/Review.jsx": {"path":"/Users/georgehalterman/HackReactor/BOC/cup-quest/src/pages/reviews/Review.jsx","statementMap":{"0":{"start":{"line":9,"column":22},"end":{"line":48,"column":null}},"1":{"start":{"line":10,"column":38},"end":{"line":10,"column":null}},"2":{"start":{"line":11,"column":44},"end":{"line":11,"column":null}},"3":{"start":{"line":12,"column":34},"end":{"line":12,"column":null}},"4":{"start":{"line":13,"column":34},"end":{"line":13,"column":null}},"5":{"start":{"line":15,"column":2},"end":{"line":18,"column":null}},"6":{"start":{"line":16,"column":4},"end":{"line":16,"column":null}},"7":{"start":{"line":20,"column":21},"end":{"line":41,"column":null}},"8":{"start":{"line":21,"column":4},"end":{"line":40,"column":null}},"9":{"start":{"line":25,"column":8},"end":{"line":25,"column":null}},"10":{"start":{"line":26,"column":8},"end":{"line":31,"column":null}},"11":{"start":{"line":27,"column":10},"end":{"line":29,"column":null}},"12":{"start":{"line":34,"column":8},"end":{"line":34,"column":null}},"13":{"start":{"line":35,"column":8},"end":{"line":35,"column":null}},"14":{"start":{"line":36,"column":8},"end":{"line":36,"column":null}},"15":{"start":{"line":39,"column":8},"end":{"line":39,"column":null}},"16":{"start":{"line":42,"column":2},"end":{"line":46,"column":null}}},"fnMap":{"0":{"name":"(anonymous_0)","decl":{"start":{"line":9,"column":22},"end":{"line":9,"column":23}},"loc":{"start":{"line":9,"column":33},"end":{"line":48,"column":null}}},"1":{"name":"(anonymous_1)","decl":{"start":{"line":15,"column":12},"end":{"line":15,"column":18}},"loc":{"start":{"line":15,"column":18},"end":{"line":18,"column":5}}},"2":{"name":"(anonymous_2)","decl":{"start":{"line":20,"column":21},"end":{"line":20,"column":27}},"loc":{"start":{"line":20,"column":27},"end":{"line":41,"column":null}}},"3":{"name":"(anonymous_3)","decl":{"start":{"line":24,"column":12},"end":{"line":24,"column":13}},"loc":{"start":{"line":24,"column":25},"end":{"line":32,"column":7}}},"4":{"name":"(anonymous_4)","decl":{"start":{"line":26,"column":32},"end":{"line":26,"column":33}},"loc":{"start":{"line":26,"column":44},"end":{"line":31,"column":9}}},"5":{"name":"(anonymous_5)","decl":{"start":{"line":33,"column":12},"end":{"line":33,"column":13}},"loc":{"start":{"line":33,"column":25},"end":{"line":37,"column":7}}},"6":{"name":"(anonymous_6)","decl":{"start":{"line":38,"column":13},"end":{"line":38,"column":14}},"loc":{"start":{"line":38,"column":22},"end":{"line":40,"column":7}}}},"branchMap":{},"s":{"0":1,"1":0,"2":0,"3":0,"4":0,"5":0,"6":0,"7":0,"8":0,"9":0,"10":0,"11":0,"12":0,"13":0,"14":0,"15":0,"16":0},"f":{"0":0,"1":0,"2":0,"3":0,"4":0,"5":0,"6":0},"b":{}}
,"/Users/georgehalterman/HackReactor/BOC/cup-quest/src/pages/reviews/ReviewEntry.jsx": {"path":"/Users/georgehalterman/HackReactor/BOC/cup-quest/src/pages/reviews/ReviewEntry.jsx","statementMap":{"0":{"start":{"line":4,"column":27},"end":{"line":71,"column":null}},"1":{"start":{"line":5,"column":16},"end":{"line":5,"column":null}},"2":{"start":{"line":6,"column":17},"end":{"line":58,"column":null}},"3":{"start":{"line":7,"column":4},"end":{"line":57,"column":null}},"4":{"start":{"line":8,"column":6},"end":{"line":15,"column":null}},"5":{"start":{"line":17,"column":4},"end":{"line":57,"column":null}},"6":{"start":{"line":18,"column":6},"end":{"line":25,"column":null}},"7":{"start":{"line":27,"column":4},"end":{"line":57,"column":null}},"8":{"start":{"line":28,"column":6},"end":{"line":35,"column":null}},"9":{"start":{"line":37,"column":4},"end":{"line":57,"column":null}},"10":{"start":{"line":38,"column":6},"end":{"line":45,"column":null}},"11":{"start":{"line":48,"column":6},"end":{"line":55,"column":null}},"12":{"start":{"line":60,"column":2},"end":{"line":69,"column":null}}},"fnMap":{"0":{"name":"(anonymous_0)","decl":{"start":{"line":4,"column":27},"end":{"line":4,"column":28}},"loc":{"start":{"line":4,"column":38},"end":{"line":71,"column":null}}},"1":{"name":"(anonymous_1)","decl":{"start":{"line":6,"column":17},"end":{"line":6,"column":23}},"loc":{"start":{"line":6,"column":23},"end":{"line":58,"column":null}}}},"branchMap":{"0":{"loc":{"start":{"line":7,"column":4},"end":{"line":57,"column":null}},"type":"if","locations":[{"start":{"line":7,"column":4},"end":{"line":57,"column":null}},{"start":{"line":17,"column":4},"end":{"line":57,"column":null}}]},"1":{"loc":{"start":{"line":17,"column":4},"end":{"line":57,"column":null}},"type":"if","locations":[{"start":{"line":17,"column":4},"end":{"line":57,"column":null}},{"start":{"line":27,"column":4},"end":{"line":57,"column":null}}]},"2":{"loc":{"start":{"line":27,"column":4},"end":{"line":57,"column":null}},"type":"if","locations":[{"start":{"line":27,"column":4},"end":{"line":57,"column":null}},{"start":{"line":37,"column":4},"end":{"line":57,"column":null}}]},"3":{"loc":{"start":{"line":37,"column":4},"end":{"line":57,"column":null}},"type":"if","locations":[{"start":{"line":37,"column":4},"end":{"line":57,"column":null}},{"start":{"line":47,"column":11},"end":{"line":57,"column":null}}]}},"s":{"0":1,"1":0,"2":0,"3":0,"4":0,"5":0,"6":0,"7":0,"8":0,"9":0,"10":0,"11":0,"12":0},"f":{"0":0,"1":0},"b":{"0":[0,0],"1":[0,0],"2":[0,0],"3":[0,0]}}
,"/Users/georgehalterman/HackReactor/BOC/cup-quest/src/pages/reviews/ReviewList.jsx": {"path":"/Users/georgehalterman/HackReactor/BOC/cup-quest/src/pages/reviews/ReviewList.jsx","statementMap":{"0":{"start":{"line":4,"column":26},"end":{"line":95,"column":null}},"1":{"start":{"line":5,"column":48},"end":{"line":5,"column":null}},"2":{"start":{"line":6,"column":15},"end":{"line":12,"column":null}},"3":{"start":{"line":7,"column":4},"end":{"line":11,"column":null}},"4":{"start":{"line":8,"column":6},"end":{"line":9,"column":null}},"5":{"start":{"line":9,"column":51},"end":{"line":9,"column":90}},"6":{"start":{"line":14,"column":15},"end":{"line":28,"column":null}},"7":{"start":{"line":15,"column":4},"end":{"line":27,"column":null}},"8":{"start":{"line":16,"column":6},"end":{"line":20,"column":null}},"9":{"start":{"line":17,"column":8},"end":{"line":18,"column":null}},"10":{"start":{"line":18,"column":53},"end":{"line":18,"column":92}},"11":{"start":{"line":22,"column":6},"end":{"line":26,"column":null}},"12":{"start":{"line":23,"column":8},"end":{"line":24,"column":null}},"13":{"start":{"line":24,"column":53},"end":{"line":24,"column":92}},"14":{"start":{"line":30,"column":17},"end":{"line":46,"column":null}},"15":{"start":{"line":31,"column":25},"end":{"line":31,"column":null}},"16":{"start":{"line":32,"column":4},"end":{"line":36,"column":null}},"17":{"start":{"line":33,"column":6},"end":{"line":33,"column":null}},"18":{"start":{"line":34,"column":6},"end":{"line":34,"column":null}},"19":{"start":{"line":35,"column":6},"end":{"line":35,"column":null}},"20":{"start":{"line":37,"column":27},"end":{"line":37,"column":null}},"21":{"start":{"line":38,"column":4},"end":{"line":42,"column":null}},"22":{"start":{"line":38,"column":17},"end":{"line":38,"column":20}},"23":{"start":{"line":39,"column":6},"end":{"line":41,"column":null}},"24":{"start":{"line":40,"column":8},"end":{"line":40,"column":null}},"25":{"start":{"line":43,"column":4},"end":{"line":43,"column":null}},"26":{"start":{"line":44,"column":4},"end":{"line":44,"column":null}},"27":{"start":{"line":45,"column":4},"end":{"line":45,"column":null}},"28":{"start":{"line":48,"column":24},"end":{"line":64,"column":null}},"29":{"start":{"line":49,"column":4},"end":{"line":63,"column":null}},"30":{"start":{"line":50,"column":6},"end":{"line":54,"column":null}},"31":{"start":{"line":57,"column":6},"end":{"line":61,"column":null}},"32":{"start":{"line":66,"column":2},"end":{"line":93,"column":null}},"33":{"start":{"line":69,"column":52},"end":{"line":69,"column":61}}},"fnMap":{"0":{"name":"(anonymous_0)","decl":{"start":{"line":4,"column":26},"end":{"line":4,"column":27}},"loc":{"start":{"line":4,"column":37},"end":{"line":95,"column":null}}},"1":{"name":"(anonymous_1)","decl":{"start":{"line":6,"column":15},"end":{"line":6,"column":21}},"loc":{"start":{"line":6,"column":21},"end":{"line":12,"column":null}}},"2":{"name":"(anonymous_2)","decl":{"start":{"line":9,"column":45},"end":{"line":9,"column":51}},"loc":{"start":{"line":9,"column":51},"end":{"line":9,"column":90}}},"3":{"name":"(anonymous_3)","decl":{"start":{"line":14,"column":15},"end":{"line":14,"column":21}},"loc":{"start":{"line":14,"column":21},"end":{"line":28,"column":null}}},"4":{"name":"(anonymous_4)","decl":{"start":{"line":18,"column":47},"end":{"line":18,"column":53}},"loc":{"start":{"line":18,"column":53},"end":{"line":18,"column":92}}},"5":{"name":"(anonymous_5)","decl":{"start":{"line":24,"column":47},"end":{"line":24,"column":53}},"loc":{"start":{"line":24,"column":53},"end":{"line":24,"column":92}}},"6":{"name":"(anonymous_6)","decl":{"start":{"line":30,"column":17},"end":{"line":30,"column":18}},"loc":{"start":{"line":30,"column":24},"end":{"line":46,"column":null}}},"7":{"name":"(anonymous_7)","decl":{"start":{"line":48,"column":24},"end":{"line":48,"column":30}},"loc":{"start":{"line":48,"column":30},"end":{"line":64,"column":null}}},"8":{"name":"(anonymous_8)","decl":{"start":{"line":69,"column":44},"end":{"line":69,"column":45}},"loc":{"start":{"line":69,"column":51},"end":{"line":69,"column":null}}}},"branchMap":{"0":{"loc":{"start":{"line":7,"column":4},"end":{"line":11,"column":null}},"type":"if","locations":[{"start":{"line":7,"column":4},"end":{"line":11,"column":null}},{"start":{"line":7,"column":4},"end":{"line":11,"column":null}}]},"1":{"loc":{"start":{"line":15,"column":4},"end":{"line":27,"column":null}},"type":"if","locations":[{"start":{"line":15,"column":4},"end":{"line":27,"column":null}},{"start":{"line":21,"column":11},"end":{"line":27,"column":null}}]},"2":{"loc":{"start":{"line":16,"column":6},"end":{"line":20,"column":null}},"type":"if","locations":[{"start":{"line":16,"column":6},"end":{"line":20,"column":null}},{"start":{"line":16,"column":6},"end":{"line":20,"column":null}}]},"3":{"loc":{"start":{"line":22,"column":6},"end":{"line":26,"column":null}},"type":"if","locations":[{"start":{"line":22,"column":6},"end":{"line":26,"column":null}},{"start":{"line":22,"column":6},"end":{"line":26,"column":null}}]},"4":{"loc":{"start":{"line":32,"column":4},"end":{"line":36,"column":null}},"type":"if","locations":[{"start":{"line":32,"column":4},"end":{"line":36,"column":null}},{"start":{"line":32,"column":4},"end":{"line":36,"column":null}}]},"5":{"loc":{"start":{"line":39,"column":6},"end":{"line":41,"column":null}},"type":"if","locations":[{"start":{"line":39,"column":6},"end":{"line":41,"column":null}},{"start":{"line":39,"column":6},"end":{"line":41,"column":null}}]},"6":{"loc":{"start":{"line":49,"column":4},"end":{"line":63,"column":null}},"type":"if","locations":[{"start":{"line":49,"column":4},"end":{"line":63,"column":null}},{"start":{"line":56,"column":11},"end":{"line":63,"column":null}}]}},"s":{"0":1,"1":0,"2":0,"3":0,"4":0,"5":0,"6":0,"7":0,"8":0,"9":0,"10":0,"11":0,"12":0,"13":0,"14":0,"15":0,"16":0,"17":0,"18":0,"19":0,"20":0,"21":0,"22":0,"23":0,"24":0,"25":0,"26":0,"27":0,"28":0,"29":0,"30":0,"31":0,"32":0,"33":0},"f":{"0":0,"1":0,"2":0,"3":0,"4":0,"5":0,"6":0,"7":0,"8":0},"b":{"0":[0,0],"1":[0,0],"2":[0,0],"3":[0,0],"4":[0,0],"5":[0,0],"6":[0,0]}}
,"/Users/georgehalterman/HackReactor/BOC/cup-quest/src/pages/reviews/ReviewPost.jsx": {"path":"/Users/georgehalterman/HackReactor/BOC/cup-quest/src/pages/reviews/ReviewPost.jsx","statementMap":{"0":{"start":{"line":5,"column":26},"end":{"line":202,"column":null}},"1":{"start":{"line":6,"column":30},"end":{"line":6,"column":null}},"2":{"start":{"line":7,"column":28},"end":{"line":7,"column":null}},"3":{"start":{"line":8,"column":34},"end":{"line":8,"column":null}},"4":{"start":{"line":9,"column":18},"end":{"line":18,"column":null}},"5":{"start":{"line":10,"column":4},"end":{"line":17,"column":null}},"6":{"start":{"line":12,"column":6},"end":{"line":12,"column":null}},"7":{"start":{"line":13,"column":6},"end":{"line":13,"column":null}},"8":{"start":{"line":15,"column":6},"end":{"line":15,"column":null}},"9":{"start":{"line":16,"column":6},"end":{"line":16,"column":null}},"10":{"start":{"line":19,"column":24},"end":{"line":22,"column":null}},"11":{"start":{"line":24,"column":18},"end":{"line":27,"column":null}},"12":{"start":{"line":28,"column":21},"end":{"line":51,"column":null}},"13":{"start":{"line":30,"column":4},"end":{"line":30,"column":null}},"14":{"start":{"line":31,"column":4},"end":{"line":31,"column":null}},"15":{"start":{"line":32,"column":4},"end":{"line":32,"column":null}},"16":{"start":{"line":33,"column":4},"end":{"line":33,"column":null}},"17":{"start":{"line":34,"column":4},"end":{"line":34,"column":null}},"18":{"start":{"line":35,"column":16},"end":{"line":35,"column":null}},"19":{"start":{"line":36,"column":4},"end":{"line":50,"column":null}},"20":{"start":{"line":37,"column":6},"end":{"line":49,"column":null}},"21":{"start":{"line":45,"column":8},"end":{"line":45,"column":null}},"22":{"start":{"line":48,"column":8},"end":{"line":48,"column":null}},"23":{"start":{"line":53,"column":17},"end":{"line":59,"column":null}},"24":{"start":{"line":54,"column":4},"end":{"line":57,"column":null}},"25":{"start":{"line":55,"column":6},"end":{"line":55,"column":null}},"26":{"start":{"line":56,"column":6},"end":{"line":56,"column":null}},"27":{"start":{"line":58,"column":4},"end":{"line":58,"column":null}},"28":{"start":{"line":61,"column":18},"end":{"line":67,"column":null}},"29":{"start":{"line":62,"column":4},"end":{"line":65,"column":null}},"30":{"start":{"line":63,"column":6},"end":{"line":63,"column":null}},"31":{"start":{"line":64,"column":6},"end":{"line":64,"column":null}},"32":{"start":{"line":66,"column":4},"end":{"line":66,"column":null}},"33":{"start":{"line":69,"column":16},"end":{"line":89,"column":null}},"34":{"start":{"line":70,"column":21},"end":{"line":70,"column":null}},"35":{"start":{"line":71,"column":21},"end":{"line":71,"column":null}},"36":{"start":{"line":72,"column":21},"end":{"line":72,"column":null}},"37":{"start":{"line":73,"column":21},"end":{"line":73,"column":null}},"38":{"start":{"line":74,"column":4},"end":{"line":83,"column":null}},"39":{"start":{"line":75,"column":6},"end":{"line":75,"column":null}},"40":{"start":{"line":76,"column":4},"end":{"line":83,"column":null}},"41":{"start":{"line":77,"column":6},"end":{"line":77,"column":null}},"42":{"start":{"line":78,"column":6},"end":{"line":78,"column":null}},"43":{"start":{"line":79,"column":6},"end":{"line":79,"column":null}},"44":{"start":{"line":80,"column":6},"end":{"line":80,"column":null}},"45":{"start":{"line":82,"column":6},"end":{"line":82,"column":null}},"46":{"start":{"line":84,"column":4},"end":{"line":84,"column":null}},"47":{"start":{"line":85,"column":4},"end":{"line":85,"column":null}},"48":{"start":{"line":86,"column":4},"end":{"line":86,"column":null}},"49":{"start":{"line":87,"column":4},"end":{"line":87,"column":null}},"50":{"start":{"line":88,"column":4},"end":{"line":88,"column":null}},"51":{"start":{"line":91,"column":16},"end":{"line":110,"column":null}},"52":{"start":{"line":92,"column":21},"end":{"line":92,"column":null}},"53":{"start":{"line":93,"column":21},"end":{"line":93,"column":null}},"54":{"start":{"line":94,"column":21},"end":{"line":94,"column":null}},"55":{"start":{"line":95,"column":4},"end":{"line":105,"column":null}},"56":{"start":{"line":96,"column":6},"end":{"line":96,"column":null}},"57":{"start":{"line":97,"column":6},"end":{"line":97,"column":null}},"58":{"start":{"line":98,"column":4},"end":{"line":105,"column":null}},"59":{"start":{"line":99,"column":6},"end":{"line":99,"column":null}},"60":{"start":{"line":100,"column":6},"end":{"line":100,"column":null}},"61":{"start":{"line":101,"column":6},"end":{"line":101,"column":null}},"62":{"start":{"line":103,"column":6},"end":{"line":103,"column":null}},"63":{"start":{"line":104,"column":6},"end":{"line":104,"column":null}},"64":{"start":{"line":106,"column":4},"end":{"line":106,"column":null}},"65":{"start":{"line":107,"column":4},"end":{"line":107,"column":null}},"66":{"start":{"line":108,"column":4},"end":{"line":108,"column":null}},"67":{"start":{"line":109,"column":4},"end":{"line":109,"column":null}},"68":{"start":{"line":112,"column":16},"end":{"line":130,"column":null}},"69":{"start":{"line":113,"column":21},"end":{"line":113,"column":null}},"70":{"start":{"line":114,"column":21},"end":{"line":114,"column":null}},"71":{"start":{"line":115,"column":4},"end":{"line":126,"column":null}},"72":{"start":{"line":116,"column":6},"end":{"line":116,"column":null}},"73":{"start":{"line":117,"column":6},"end":{"line":117,"column":null}},"74":{"start":{"line":118,"column":6},"end":{"line":118,"column":null}},"75":{"start":{"line":119,"column":4},"end":{"line":126,"column":null}},"76":{"start":{"line":120,"column":6},"end":{"line":120,"column":null}},"77":{"start":{"line":121,"column":6},"end":{"line":121,"column":null}},"78":{"start":{"line":123,"column":6},"end":{"line":123,"column":null}},"79":{"start":{"line":124,"column":6},"end":{"line":124,"column":null}},"80":{"start":{"line":125,"column":6},"end":{"line":125,"column":null}},"81":{"start":{"line":127,"column":4},"end":{"line":127,"column":null}},"82":{"start":{"line":128,"column":4},"end":{"line":128,"column":null}},"83":{"start":{"line":129,"column":4},"end":{"line":129,"column":null}},"84":{"start":{"line":132,"column":16},"end":{"line":149,"column":null}},"85":{"start":{"line":133,"column":21},"end":{"line":133,"column":null}},"86":{"start":{"line":134,"column":4},"end":{"line":146,"column":null}},"87":{"start":{"line":135,"column":6},"end":{"line":135,"column":null}},"88":{"start":{"line":136,"column":6},"end":{"line":136,"column":null}},"89":{"start":{"line":137,"column":6},"end":{"line":137,"column":null}},"90":{"start":{"line":138,"column":6},"end":{"line":138,"column":null}},"91":{"start":{"line":139,"column":4},"end":{"line":146,"column":null}},"92":{"start":{"line":140,"column":6},"end":{"line":140,"column":null}},"93":{"start":{"line":142,"column":6},"end":{"line":142,"column":null}},"94":{"start":{"line":143,"column":6},"end":{"line":143,"column":null}},"95":{"start":{"line":144,"column":6},"end":{"line":144,"column":null}},"96":{"start":{"line":145,"column":6},"end":{"line":145,"column":null}},"97":{"start":{"line":147,"column":4},"end":{"line":147,"column":null}},"98":{"start":{"line":148,"column":4},"end":{"line":148,"column":null}},"99":{"start":{"line":151,"column":16},"end":{"line":166,"column":null}},"100":{"start":{"line":152,"column":4},"end":{"line":164,"column":null}},"101":{"start":{"line":153,"column":6},"end":{"line":153,"column":null}},"102":{"start":{"line":154,"column":6},"end":{"line":154,"column":null}},"103":{"start":{"line":155,"column":6},"end":{"line":155,"column":null}},"104":{"start":{"line":156,"column":6},"end":{"line":156,"column":null}},"105":{"start":{"line":157,"column":6},"end":{"line":157,"column":null}},"106":{"start":{"line":159,"column":6},"end":{"line":159,"column":null}},"107":{"start":{"line":160,"column":6},"end":{"line":160,"column":null}},"108":{"start":{"line":161,"column":6},"end":{"line":161,"column":null}},"109":{"start":{"line":162,"column":6},"end":{"line":162,"column":null}},"110":{"start":{"line":163,"column":6},"end":{"line":163,"column":null}},"111":{"start":{"line":165,"column":4},"end":{"line":165,"column":null}},"112":{"start":{"line":167,"column":2},"end":{"line":200,"column":null}},"113":{"start":{"line":172,"column":70},"end":{"line":172,"column":null}},"114":{"start":{"line":191,"column":86},"end":{"line":191,"column":95}},"115":{"start":{"line":192,"column":86},"end":{"line":192,"column":95}},"116":{"start":{"line":193,"column":86},"end":{"line":193,"column":95}},"117":{"start":{"line":194,"column":86},"end":{"line":194,"column":95}},"118":{"start":{"line":195,"column":86},"end":{"line":195,"column":95}},"119":{"start":{"line":197,"column":97},"end":{"line":197,"column":183}},"120":{"start":{"line":198,"column":58},"end":{"line":198,"column":72}}},"fnMap":{"0":{"name":"(anonymous_0)","decl":{"start":{"line":5,"column":26},"end":{"line":5,"column":27}},"loc":{"start":{"line":5,"column":37},"end":{"line":202,"column":null}}},"1":{"name":"(anonymous_1)","decl":{"start":{"line":9,"column":18},"end":{"line":9,"column":24}},"loc":{"start":{"line":9,"column":24},"end":{"line":18,"column":null}}},"2":{"name":"(anonymous_2)","decl":{"start":{"line":28,"column":21},"end":{"line":28,"column":22}},"loc":{"start":{"line":28,"column":28},"end":{"line":51,"column":null}}},"3":{"name":"(anonymous_3)","decl":{"start":{"line":44,"column":12},"end":{"line":44,"column":18}},"loc":{"start":{"line":44,"column":18},"end":{"line":46,"column":7}}},"4":{"name":"(anonymous_4)","decl":{"start":{"line":47,"column":13},"end":{"line":47,"column":14}},"loc":{"start":{"line":47,"column":20},"end":{"line":49,"column":7}}},"5":{"name":"(anonymous_5)","decl":{"start":{"line":53,"column":17},"end":{"line":53,"column":18}},"loc":{"start":{"line":53,"column":25},"end":{"line":59,"column":null}}},"6":{"name":"(anonymous_6)","decl":{"start":{"line":61,"column":18},"end":{"line":61,"column":19}},"loc":{"start":{"line":61,"column":26},"end":{"line":67,"column":null}}},"7":{"name":"(anonymous_7)","decl":{"start":{"line":69,"column":16},"end":{"line":69,"column":22}},"loc":{"start":{"line":69,"column":22},"end":{"line":89,"column":null}}},"8":{"name":"(anonymous_8)","decl":{"start":{"line":91,"column":16},"end":{"line":91,"column":22}},"loc":{"start":{"line":91,"column":22},"end":{"line":110,"column":null}}},"9":{"name":"(anonymous_9)","decl":{"start":{"line":112,"column":16},"end":{"line":112,"column":22}},"loc":{"start":{"line":112,"column":22},"end":{"line":130,"column":null}}},"10":{"name":"(anonymous_10)","decl":{"start":{"line":132,"column":16},"end":{"line":132,"column":22}},"loc":{"start":{"line":132,"column":22},"end":{"line":149,"column":null}}},"11":{"name":"(anonymous_11)","decl":{"start":{"line":151,"column":16},"end":{"line":151,"column":22}},"loc":{"start":{"line":151,"column":22},"end":{"line":166,"column":null}}},"12":{"name":"(anonymous_12)","decl":{"start":{"line":172,"column":63},"end":{"line":172,"column":64}},"loc":{"start":{"line":172,"column":70},"end":{"line":172,"column":null}}},"13":{"name":"(anonymous_13)","decl":{"start":{"line":191,"column":80},"end":{"line":191,"column":86}},"loc":{"start":{"line":191,"column":86},"end":{"line":191,"column":95}}},"14":{"name":"(anonymous_14)","decl":{"start":{"line":192,"column":80},"end":{"line":192,"column":86}},"loc":{"start":{"line":192,"column":86},"end":{"line":192,"column":95}}},"15":{"name":"(anonymous_15)","decl":{"start":{"line":193,"column":80},"end":{"line":193,"column":86}},"loc":{"start":{"line":193,"column":86},"end":{"line":193,"column":95}}},"16":{"name":"(anonymous_16)","decl":{"start":{"line":194,"column":80},"end":{"line":194,"column":86}},"loc":{"start":{"line":194,"column":86},"end":{"line":194,"column":95}}},"17":{"name":"(anonymous_17)","decl":{"start":{"line":195,"column":80},"end":{"line":195,"column":86}},"loc":{"start":{"line":195,"column":86},"end":{"line":195,"column":95}}},"18":{"name":"(anonymous_18)","decl":{"start":{"line":197,"column":91},"end":{"line":197,"column":97}},"loc":{"start":{"line":197,"column":97},"end":{"line":197,"column":183}}},"19":{"name":"(anonymous_19)","decl":{"start":{"line":198,"column":51},"end":{"line":198,"column":52}},"loc":{"start":{"line":198,"column":58},"end":{"line":198,"column":72}}}},"branchMap":{"0":{"loc":{"start":{"line":10,"column":4},"end":{"line":17,"column":null}},"type":"if","locations":[{"start":{"line":10,"column":4},"end":{"line":17,"column":null}},{"start":{"line":14,"column":11},"end":{"line":17,"column":null}}]},"1":{"loc":{"start":{"line":36,"column":4},"end":{"line":50,"column":null}},"type":"if","locations":[{"start":{"line":36,"column":4},"end":{"line":50,"column":null}},{"start":{"line":36,"column":4},"end":{"line":50,"column":null}}]},"2":{"loc":{"start":{"line":54,"column":4},"end":{"line":57,"column":null}},"type":"if","locations":[{"start":{"line":54,"column":4},"end":{"line":57,"column":null}},{"start":{"line":54,"column":4},"end":{"line":57,"column":null}}]},"3":{"loc":{"start":{"line":62,"column":4},"end":{"line":65,"column":null}},"type":"if","locations":[{"start":{"line":62,"column":4},"end":{"line":65,"column":null}},{"start":{"line":62,"column":4},"end":{"line":65,"column":null}}]},"4":{"loc":{"start":{"line":74,"column":4},"end":{"line":83,"column":null}},"type":"if","locations":[{"start":{"line":74,"column":4},"end":{"line":83,"column":null}},{"start":{"line":76,"column":4},"end":{"line":83,"column":null}}]},"5":{"loc":{"start":{"line":76,"column":4},"end":{"line":83,"column":null}},"type":"if","locations":[{"start":{"line":76,"column":4},"end":{"line":83,"column":null}},{"start":{"line":81,"column":11},"end":{"line":83,"column":null}}]},"6":{"loc":{"start":{"line":76,"column":15},"end":{"line":76,"column":69}},"type":"binary-expr","locations":[{"start":{"line":76,"column":15},"end":{"line":76,"column":29}},{"start":{"line":76,"column":29},"end":{"line":76,"column":43}},{"start":{"line":76,"column":43},"end":{"line":76,"column":57}},{"start":{"line":76,"column":57},"end":{"line":76,"column":69}}]},"7":{"loc":{"start":{"line":95,"column":4},"end":{"line":105,"column":null}},"type":"if","locations":[{"start":{"line":95,"column":4},"end":{"line":105,"column":null}},{"start":{"line":98,"column":4},"end":{"line":105,"column":null}}]},"8":{"loc":{"start":{"line":98,"column":4},"end":{"line":105,"column":null}},"type":"if","locations":[{"start":{"line":98,"column":4},"end":{"line":105,"column":null}},{"start":{"line":102,"column":11},"end":{"line":105,"column":null}}]},"9":{"loc":{"start":{"line":98,"column":15},"end":{"line":98,"column":55}},"type":"binary-expr","locations":[{"start":{"line":98,"column":15},"end":{"line":98,"column":29}},{"start":{"line":98,"column":29},"end":{"line":98,"column":43}},{"start":{"line":98,"column":43},"end":{"line":98,"column":55}}]},"10":{"loc":{"start":{"line":115,"column":4},"end":{"line":126,"column":null}},"type":"if","locations":[{"start":{"line":115,"column":4},"end":{"line":126,"column":null}},{"start":{"line":119,"column":4},"end":{"line":126,"column":null}}]},"11":{"loc":{"start":{"line":119,"column":4},"end":{"line":126,"column":null}},"type":"if","locations":[{"start":{"line":119,"column":4},"end":{"line":126,"column":null}},{"start":{"line":122,"column":11},"end":{"line":126,"column":null}}]},"12":{"loc":{"start":{"line":119,"column":15},"end":{"line":119,"column":41}},"type":"binary-expr","locations":[{"start":{"line":119,"column":15},"end":{"line":119,"column":29}},{"start":{"line":119,"column":29},"end":{"line":119,"column":41}}]},"13":{"loc":{"start":{"line":134,"column":4},"end":{"line":146,"column":null}},"type":"if","locations":[{"start":{"line":134,"column":4},"end":{"line":146,"column":null}},{"start":{"line":139,"column":4},"end":{"line":146,"column":null}}]},"14":{"loc":{"start":{"line":139,"column":4},"end":{"line":146,"column":null}},"type":"if","locations":[{"start":{"line":139,"column":4},"end":{"line":146,"column":null}},{"start":{"line":141,"column":11},"end":{"line":146,"column":null}}]},"15":{"loc":{"start":{"line":152,"column":4},"end":{"line":164,"column":null}},"type":"if","locations":[{"start":{"line":152,"column":4},"end":{"line":164,"column":null}},{"start":{"line":158,"column":11},"end":{"line":164,"column":null}}]}},"s":{"0":1,"1":0,"2":0,"3":0,"4":0,"5":0,"6":0,"7":0,"8":0,"9":0,"10":0,"11":0,"12":0,"13":0,"14":0,"15":0,"16":0,"17":0,"18":0,"19":0,"20":0,"21":0,"22":0,"23":0,"24":0,"25":0,"26":0,"27":0,"28":0,"29":0,"30":0,"31":0,"32":0,"33":0,"34":0,"35":0,"36":0,"37":0,"38":0,"39":0,"40":0,"41":0,"42":0,"43":0,"44":0,"45":0,"46":0,"47":0,"48":0,"49":0,"50":0,"51":0,"52":0,"53":0,"54":0,"55":0,"56":0,"57":0,"58":0,"59":0,"60":0,"61":0,"62":0,"63":0,"64":0,"65":0,"66":0,"67":0,"68":0,"69":0,"70":0,"71":0,"72":0,"73":0,"74":0,"75":0,"76":0,"77":0,"78":0,"79":0,"80":0,"81":0,"82":0,"83":0,"84":0,"85":0,"86":0,"87":0,"88":0,"89":0,"90":0,"91":0,"92":0,"93":0,"94":0,"95":0,"96":0,"97":0,"98":0,"99":0,"100":0,"101":0,"102":0,"103":0,"104":0,"105":0,"106":0,"107":0,"108":0,"109":0,"110":0,"111":0,"112":0,"113":0,"114":0,"115":0,"116":0,"117":0,"118":0,"119":0,"120":0},"f":{"0":0,"1":0,"2":0,"3":0,"4":0,"5":0,"6":0,"7":0,"8":0,"9":0,"10":0,"11":0,"12":0,"13":0,"14":0,"15":0,"16":0,"17":0,"18":0,"19":0},"b":{"0":[0,0],"1":[0,0],"2":[0,0],"3":[0,0],"4":[0,0],"5":[0,0],"6":[0,0,0,0],"7":[0,0],"8":[0,0],"9":[0,0,0],"10":[0,0],"11":[0,0],"12":[0,0],"13":[0,0],"14":[0,0],"15":[0,0]}}
,"/Users/georgehalterman/HackReactor/BOC/cup-quest/src/pages/shopInfo/MenuItem.jsx": {"path":"/Users/georgehalterman/HackReactor/BOC/cup-quest/src/pages/shopInfo/MenuItem.jsx","statementMap":{"0":{"start":{"line":4,"column":17},"end":{"line":35,"column":null}},"1":{"start":{"line":8,"column":32},"end":{"line":8,"column":null}},"2":{"start":{"line":9,"column":22},"end":{"line":19,"column":null}},"3":{"start":{"line":10,"column":4},"end":{"line":14,"column":null}},"4":{"start":{"line":11,"column":6},"end":{"line":11,"column":null}},"5":{"start":{"line":13,"column":6},"end":{"line":13,"column":null}},"6":{"start":{"line":21,"column":21},"end":{"line":23,"column":null}},"7":{"start":{"line":25,"column":2},"end":{"line":33,"column":null}}},"fnMap":{"0":{"name":"(anonymous_0)","decl":{"start":{"line":4,"column":17},"end":{"line":4,"column":18}},"loc":{"start":{"line":4,"column":31},"end":{"line":35,"column":null}}},"1":{"name":"(anonymous_1)","decl":{"start":{"line":9,"column":22},"end":{"line":9,"column":23}},"loc":{"start":{"line":9,"column":29},"end":{"line":19,"column":null}}}},"branchMap":{"0":{"loc":{"start":{"line":10,"column":4},"end":{"line":14,"column":null}},"type":"if","locations":[{"start":{"line":10,"column":4},"end":{"line":14,"column":null}},{"start":{"line":12,"column":11},"end":{"line":14,"column":null}}]},"1":{"loc":{"start":{"line":22,"column":12},"end":{"line":22,"column":null}},"type":"cond-expr","locations":[{"start":{"line":22,"column":24},"end":{"line":22,"column":40}},{"start":{"line":22,"column":40},"end":{"line":22,"column":null}}]}},"s":{"0":1,"1":0,"2":0,"3":0,"4":0,"5":0,"6":0,"7":0},"f":{"0":0,"1":0},"b":{"0":[0,0],"1":[0,0]}}
,"/Users/georgehalterman/HackReactor/BOC/cup-quest/src/pages/shopInfo/ShopInformation.jsx": {"path":"/Users/georgehalterman/HackReactor/BOC/cup-quest/src/pages/shopInfo/ShopInformation.jsx","statementMap":{"0":{"start":{"line":11,"column":24},"end":{"line":73,"column":null}},"1":{"start":{"line":13,"column":19},"end":{"line":24,"column":null}},"2":{"start":{"line":14,"column":22},"end":{"line":22,"column":null}},"3":{"start":{"line":23,"column":4},"end":{"line":23,"column":null}},"4":{"start":{"line":25,"column":21},"end":{"line":33,"column":null}},"5":{"start":{"line":26,"column":16},"end":{"line":26,"column":null}},"6":{"start":{"line":27,"column":15},"end":{"line":27,"column":null}},"7":{"start":{"line":28,"column":4},"end":{"line":32,"column":null}},"8":{"start":{"line":29,"column":6},"end":{"line":29,"column":null}},"9":{"start":{"line":31,"column":6},"end":{"line":31,"column":null}},"10":{"start":{"line":35,"column":2},"end":{"line":71,"column":null}},"11":{"start":{"line":64,"column":10},"end":{"line":66,"column":null}}},"fnMap":{"0":{"name":"(anonymous_0)","decl":{"start":{"line":11,"column":24},"end":{"line":11,"column":43}},"loc":{"start":{"line":11,"column":43},"end":{"line":73,"column":null}}},"1":{"name":"(anonymous_1)","decl":{"start":{"line":13,"column":19},"end":{"line":13,"column":20}},"loc":{"start":{"line":13,"column":36},"end":{"line":24,"column":null}}},"2":{"name":"(anonymous_2)","decl":{"start":{"line":25,"column":21},"end":{"line":25,"column":22}},"loc":{"start":{"line":25,"column":34},"end":{"line":33,"column":null}}},"3":{"name":"(anonymous_3)","decl":{"start":{"line":63,"column":32},"end":{"line":63,"column":33}},"loc":{"start":{"line":63,"column":41},"end":{"line":67,"column":9}}}},"branchMap":{"0":{"loc":{"start":{"line":28,"column":4},"end":{"line":32,"column":null}},"type":"if","locations":[{"start":{"line":28,"column":4},"end":{"line":32,"column":null}},{"start":{"line":30,"column":11},"end":{"line":32,"column":null}}]}},"s":{"0":1,"1":0,"2":0,"3":0,"4":0,"5":0,"6":0,"7":0,"8":0,"9":0,"10":0,"11":0},"f":{"0":0,"1":0,"2":0,"3":0},"b":{"0":[0,0]}}
,"/Users/georgehalterman/HackReactor/BOC/cup-quest/src/pages/shopInfo/ShopMenu.jsx": {"path":"/Users/georgehalterman/HackReactor/BOC/cup-quest/src/pages/shopInfo/ShopMenu.jsx","statementMap":{"0":{"start":{"line":5,"column":17},"end":{"line":15,"column":null}},"1":{"start":{"line":6,"column":12},"end":{"line":6,"column":null}},"2":{"start":{"line":7,"column":2},"end":{"line":13,"column":null}},"3":{"start":{"line":10,"column":8},"end":{"line":10,"column":null}},"4":{"start":{"line":11,"column":8},"end":{"line":11,"column":null}}},"fnMap":{"0":{"name":"(anonymous_0)","decl":{"start":{"line":5,"column":17},"end":{"line":5,"column":18}},"loc":{"start":{"line":5,"column":31},"end":{"line":15,"column":null}}},"1":{"name":"(anonymous_1)","decl":{"start":{"line":9,"column":16},"end":{"line":9,"column":17}},"loc":{"start":{"line":9,"column":26},"end":{"line":12,"column":7}}}},"branchMap":{},"s":{"0":1,"1":0,"2":0,"3":0,"4":0},"f":{"0":0,"1":0},"b":{}}
,"/Users/georgehalterman/HackReactor/BOC/cup-quest/src/pages/shopInfo/overview_mock.js": {"path":"/Users/georgehalterman/HackReactor/BOC/cup-quest/src/pages/shopInfo/overview_mock.js","statementMap":{"0":{"start":{"line":1,"column":20},"end":{"line":56,"column":null}}},"fnMap":{},"branchMap":{},"s":{"0":1},"f":{},"b":{}}
}
